#
# There is insufficient memory for the Java Runtime Environment to continue.
# Native memory allocation (malloc) failed to allocate 4088 bytes for AllocateHeap
# Possible reasons:
#   The system is out of physical RAM or swap space
#   In 32 bit mode, the process size limit was hit
# Possible solutions:
#   Reduce memory load on the system
#   Increase physical memory or swap space
#   Check if swap backing store is full
#   Use 64 bit Java on a 64 bit OS
#   Decrease Java heap size (-Xmx/-Xms)
#   Decrease number of Java threads
#   Decrease Java thread stack sizes (-Xss)
#   Set larger code cache with -XX:ReservedCodeCacheSize=
# This output file may be truncated or incomplete.
#
#  Out of Memory Error (memory/allocation.inline.hpp:61), pid=38288, tid=0x0000000000006398
#
# JRE version: Java(TM) SE Runtime Environment (8.0_144-b01) (build 1.8.0_144-b01)
# Java VM: Java HotSpot(TM) 64-Bit Server VM (25.144-b01 mixed mode windows-amd64 compressed oops)
# Failed to write core dump. Minidumps are not enabled by default on client versions of Windows
#

---------------  T H R E A D  ---------------

Current thread (0x00000000051d9800):  GCTaskThread [stack: 0x0000000014e30000,0x0000000014f30000] [id=25496]

Stack: [0x0000000014e30000,0x0000000014f30000]
[error occurred during error reporting (printing stack bounds), id 0xc0000005]

Native frames: (J=compiled Java code, j=interpreted, Vv=VM code, C=native code)


---------------  P R O C E S S  ---------------

Java Threads: ( => current thread )
  0x000000001b5e4000 JavaThread "Service Thread" daemon [_thread_blocked, id=36544, stack(0x000000001bd40000,0x000000001be40000)]
  0x000000001b5e2800 JavaThread "C1 CompilerThread2" daemon [_thread_blocked, id=39796, stack(0x000000001bc40000,0x000000001bd40000)]
  0x0000000019e4c000 JavaThread "C2 CompilerThread1" daemon [_thread_blocked, id=36536, stack(0x000000001bb40000,0x000000001bc40000)]
  0x0000000019e49000 JavaThread "C2 CompilerThread0" daemon [_thread_blocked, id=32972, stack(0x000000001ba40000,0x000000001bb40000)]
  0x0000000019e20800 JavaThread "Monitor Ctrl-Break" daemon [_thread_in_native, id=35964, stack(0x000000001b940000,0x000000001ba40000)]
  0x0000000019df3000 JavaThread "Attach Listener" daemon [_thread_blocked, id=38084, stack(0x000000001b440000,0x000000001b540000)]
  0x0000000019df2000 JavaThread "Signal Dispatcher" daemon [_thread_blocked, id=37220, stack(0x000000001b340000,0x000000001b440000)]
  0x00000000052b7800 JavaThread "Finalizer" daemon [_thread_blocked, id=25032, stack(0x000000001b050000,0x000000001b150000)]
  0x00000000052b2000 JavaThread "Reference Handler" daemon [_thread_blocked, id=33788, stack(0x000000001af50000,0x000000001b050000)]
  0x0000000004dde000 JavaThread "main" [_thread_blocked, id=35340, stack(0x0000000004fc0000,0x00000000050c0000)]

Other Threads:
  0x0000000019db7000 VMThread [stack: 0x000000001ae50000,0x000000001af50000] [id=38112]
  0x000000001b64d000 WatcherThread [stack: 0x000000001be40000,0x000000001bf40000] [id=4728]

=>0x00000000051d9800 (exited) GCTaskThread [stack: 0x0000000014e30000,0x0000000014f30000] [id=25496]

VM state:at safepoint (normal execution)

VM Mutex/Monitor currently owned by a thread:  ([mutex/lock_event])
[0x0000000004ddd600] Threads_lock - owner thread: 0x0000000019db7000
[0x0000000004ddd180] Heap_lock - owner thread: 0x0000000004dde000

Heap:
 PSYoungGen      total 138240K, used 138240K [0x00000000d5f00000, 0x00000000deb00000, 0x0000000100000000)
  eden space 133120K, 100% used [0x00000000d5f00000,0x00000000de100000,0x00000000de100000)
  from space 5120K, 100% used [0x00000000de600000,0x00000000deb00000,0x00000000deb00000)
  to   space 5120K, 0% used [0x00000000de100000,0x00000000de100000,0x00000000de600000)
 ParOldGen       total 87552K, used 65214K [0x0000000081c00000, 0x0000000087180000, 0x00000000d5f00000)
  object space 87552K, 74% used [0x0000000081c00000,0x0000000085baf888,0x0000000087180000)
 Metaspace       used 3806K, capacity 4696K, committed 4864K, reserved 1056768K
  class space    used 416K, capacity 456K, committed 512K, reserved 1048576K

Card table byte_map: [0x0000000014680000,0x0000000014a80000] byte_map_base: 0x0000000014272000

Marking Bits: (ParMarkBitMap*) 0x000000005f49d850
 Begin Bits: [0x0000000015130000, 0x00000000170c0000)
 End Bits:   [0x00000000170c0000, 0x0000000019050000)

Polling page: 0x0000000003490000

CodeCache: size=245760Kb used=1375Kb max_used=1382Kb free=244384Kb
 bounds [0x00000000052c0000, 0x0000000005530000, 0x00000000142c0000]
 total_blobs=357 nmethods=98 adapters=172
 compilation: enabled

Compilation events (10 events):
Event: 0.755 Thread 0x0000000019e49000 nmethod 94 0x00000000053fd010 code [0x00000000053fd180, 0x00000000053fd658]
Event: 0.755 Thread 0x0000000019e49000   95       4       transforms.Bicubic::compute (115 bytes)
Event: 0.761 Thread 0x0000000019e4c000 nmethod 92 0x0000000005400a90 code [0x0000000005400c40, 0x00000000054016d8]
Event: 0.971 Thread 0x000000001b5e2800   96 %     3       objectdata.Flat::<init> @ 651 (851 bytes)
Event: 0.981 Thread 0x000000001b5e2800 nmethod 96% 0x0000000005401a50 code [0x0000000005402300, 0x0000000005408978]
Event: 0.982 Thread 0x000000001b5e2800   97       3       objectdata.Flat::<init> (851 bytes)
Event: 0.991 Thread 0x000000001b5e2800 nmethod 97 0x000000000540bed0 code [0x000000000540c760, 0x0000000005412d18]
Event: 1.009 Thread 0x0000000019e49000 nmethod 95 0x0000000005416210 code [0x0000000005416480, 0x0000000005417aa8]
Event: 1.014 Thread 0x0000000019e4c000   98 %     4       objectdata.Flat::<init> @ 651 (851 bytes)
Event: 1.023 Thread 0x0000000019e4c000 nmethod 98% 0x00000000053fb010 code [0x00000000053fb1a0, 0x00000000053fb438]

GC Heap History (10 events):
Event: 1.254 GC heap after
Heap after GC invocations=4 (full 0):
 PSYoungGen      total 138240K, used 5102K [0x00000000d5f00000, 0x00000000deb00000, 0x0000000100000000)
  eden space 133120K, 0% used [0x00000000d5f00000,0x00000000d5f00000,0x00000000de100000)
  from space 5120K, 99% used [0x00000000de600000,0x00000000deafbb68,0x00000000deb00000)
  to   space 5120K, 0% used [0x00000000de100000,0x00000000de100000,0x00000000de600000)
 ParOldGen       total 87552K, used 12424K [0x0000000081c00000, 0x0000000087180000, 0x00000000d5f00000)
  object space 87552K, 14% used [0x0000000081c00000,0x0000000082822000,0x0000000087180000)
 Metaspace       used 3806K, capacity 4696K, committed 4864K, reserved 1056768K
  class space    used 416K, capacity 456K, committed 512K, reserved 1048576K
}
Event: 1.604 GC heap before
{Heap before GC invocations=5 (full 0):
 PSYoungGen      total 138240K, used 138222K [0x00000000d5f00000, 0x00000000deb00000, 0x0000000100000000)
  eden space 133120K, 100% used [0x00000000d5f00000,0x00000000de100000,0x00000000de100000)
  from space 5120K, 99% used [0x00000000de600000,0x00000000deafbb68,0x00000000deb00000)
  to   space 5120K, 0% used [0x00000000de100000,0x00000000de100000,0x00000000de600000)
 ParOldGen       total 87552K, used 12424K [0x0000000081c00000, 0x0000000087180000, 0x00000000d5f00000)
  object space 87552K, 14% used [0x0000000081c00000,0x0000000082822000,0x0000000087180000)
 Metaspace       used 3806K, capacity 4696K, committed 4864K, reserved 1056768K
  class space    used 416K, capacity 456K, committed 512K, reserved 1048576K
Event: 1.667 GC heap after
Heap after GC invocations=5 (full 0):
 PSYoungGen      total 138240K, used 5117K [0x00000000d5f00000, 0x00000000deb00000, 0x0000000100000000)
  eden space 133120K, 0% used [0x00000000d5f00000,0x00000000d5f00000,0x00000000de100000)
  from space 5120K, 99% used [0x00000000de100000,0x00000000de5ff588,0x00000000de600000)
  to   space 5120K, 0% used [0x00000000de600000,0x00000000de600000,0x00000000deb00000)
 ParOldGen       total 87552K, used 25864K [0x0000000081c00000, 0x0000000087180000, 0x00000000d5f00000)
  object space 87552K, 29% used [0x0000000081c00000,0x0000000083542000,0x0000000087180000)
 Metaspace       used 3806K, capacity 4696K, committed 4864K, reserved 1056768K
  class space    used 416K, capacity 456K, committed 512K, reserved 1048576K
}
Event: 1.794 GC heap before
{Heap before GC invocations=6 (full 0):
 PSYoungGen      total 138240K, used 138237K [0x00000000d5f00000, 0x00000000deb00000, 0x0000000100000000)
  eden space 133120K, 100% used [0x00000000d5f00000,0x00000000de100000,0x00000000de100000)
  from space 5120K, 99% used [0x00000000de100000,0x00000000de5ff588,0x00000000de600000)
  to   space 5120K, 0% used [0x00000000de600000,0x00000000de600000,0x00000000deb00000)
 ParOldGen       total 87552K, used 25864K [0x0000000081c00000, 0x0000000087180000, 0x00000000d5f00000)
  object space 87552K, 29% used [0x0000000081c00000,0x0000000083542000,0x0000000087180000)
 Metaspace       used 3806K, capacity 4696K, committed 4864K, reserved 1056768K
  class space    used 416K, capacity 456K, committed 512K, reserved 1048576K
Event: 1.864 GC heap after
Heap after GC invocations=6 (full 0):
 PSYoungGen      total 138240K, used 5116K [0x00000000d5f00000, 0x00000000deb00000, 0x0000000100000000)
  eden space 133120K, 0% used [0x00000000d5f00000,0x00000000d5f00000,0x00000000de100000)
  from space 5120K, 99% used [0x00000000de600000,0x00000000deaff020,0x00000000deb00000)
  to   space 5120K, 0% used [0x00000000de100000,0x00000000de100000,0x00000000de600000)
 ParOldGen       total 87552K, used 39184K [0x0000000081c00000, 0x0000000087180000, 0x00000000d5f00000)
  object space 87552K, 44% used [0x0000000081c00000,0x0000000084244000,0x0000000087180000)
 Metaspace       used 3806K, capacity 4696K, committed 4864K, reserved 1056768K
  class space    used 416K, capacity 456K, committed 512K, reserved 1048576K
}
Event: 2.044 GC heap before
{Heap before GC invocations=7 (full 0):
 PSYoungGen      total 138240K, used 138236K [0x00000000d5f00000, 0x00000000deb00000, 0x0000000100000000)
  eden space 133120K, 100% used [0x00000000d5f00000,0x00000000de100000,0x00000000de100000)
  from space 5120K, 99% used [0x00000000de600000,0x00000000deaff020,0x00000000deb00000)
  to   space 5120K, 0% used [0x00000000de100000,0x00000000de100000,0x00000000de600000)
 ParOldGen       total 87552K, used 39184K [0x0000000081c00000, 0x0000000087180000, 0x00000000d5f00000)
  object space 87552K, 44% used [0x0000000081c00000,0x0000000084244000,0x0000000087180000)
 Metaspace       used 3806K, capacity 4696K, committed 4864K, reserved 1056768K
  class space    used 416K, capacity 456K, committed 512K, reserved 1048576K
Event: 2.104 GC heap after
Heap after GC invocations=7 (full 0):
 PSYoungGen      total 138240K, used 5100K [0x00000000d5f00000, 0x00000000deb00000, 0x0000000100000000)
  eden space 133120K, 0% used [0x00000000d5f00000,0x00000000d5f00000,0x00000000de100000)
  from space 5120K, 99% used [0x00000000de100000,0x00000000de5fb010,0x00000000de600000)
  to   space 5120K, 0% used [0x00000000de600000,0x00000000de600000,0x00000000deb00000)
 ParOldGen       total 87552K, used 51356K [0x0000000081c00000, 0x0000000087180000, 0x00000000d5f00000)
  object space 87552K, 58% used [0x0000000081c00000,0x0000000084e27080,0x0000000087180000)
 Metaspace       used 3806K, capacity 4696K, committed 4864K, reserved 1056768K
  class space    used 416K, capacity 456K, committed 512K, reserved 1048576K
}
Event: 2.220 GC heap before
{Heap before GC invocations=8 (full 0):
 PSYoungGen      total 138240K, used 138220K [0x00000000d5f00000, 0x00000000deb00000, 0x0000000100000000)
  eden space 133120K, 100% used [0x00000000d5f00000,0x00000000de100000,0x00000000de100000)
  from space 5120K, 99% used [0x00000000de100000,0x00000000de5fb010,0x00000000de600000)
  to   space 5120K, 0% used [0x00000000de600000,0x00000000de600000,0x00000000deb00000)
 ParOldGen       total 87552K, used 51356K [0x0000000081c00000, 0x0000000087180000, 0x00000000d5f00000)
  object space 87552K, 58% used [0x0000000081c00000,0x0000000084e27080,0x0000000087180000)
 Metaspace       used 3806K, capacity 4696K, committed 4864K, reserved 1056768K
  class space    used 416K, capacity 456K, committed 512K, reserved 1048576K
Event: 2.299 GC heap after
Heap after GC invocations=8 (full 0):
 PSYoungGen      total 138240K, used 5120K [0x00000000d5f00000, 0x00000000deb00000, 0x0000000100000000)
  eden space 133120K, 0% used [0x00000000d5f00000,0x00000000d5f00000,0x00000000de100000)
  from space 5120K, 100% used [0x00000000de600000,0x00000000deb00000,0x00000000deb00000)
  to   space 5120K, 0% used [0x00000000de100000,0x00000000de100000,0x00000000de600000)
 ParOldGen       total 87552K, used 65214K [0x0000000081c00000, 0x0000000087180000, 0x00000000d5f00000)
  object space 87552K, 74% used [0x0000000081c00000,0x0000000085baf888,0x0000000087180000)
 Metaspace       used 3806K, capacity 4696K, committed 4864K, reserved 1056768K
  class space    used 416K, capacity 456K, committed 512K, reserved 1048576K
}
Event: 2.459 GC heap before
{Heap before GC invocations=9 (full 0):
 PSYoungGen      total 138240K, used 138240K [0x00000000d5f00000, 0x00000000deb00000, 0x0000000100000000)
  eden space 133120K, 100% used [0x00000000d5f00000,0x00000000de100000,0x00000000de100000)
  from space 5120K, 100% used [0x00000000de600000,0x00000000deb00000,0x00000000deb00000)
  to   space 5120K, 0% used [0x00000000de100000,0x00000000de100000,0x00000000de600000)
 ParOldGen       total 87552K, used 65214K [0x0000000081c00000, 0x0000000087180000, 0x00000000d5f00000)
  object space 87552K, 74% used [0x0000000081c00000,0x0000000085baf888,0x0000000087180000)
 Metaspace       used 3806K, capacity 4696K, committed 4864K, reserved 1056768K
  class space    used 416K, capacity 456K, committed 512K, reserved 1048576K

Deoptimization events (0 events):
No events

Internal exceptions (2 events):
Event: 0.130 Thread 0x0000000004dde000 Exception <a 'java/lang/NoSuchMethodError': Method sun.misc.Unsafe.defineClass(Ljava/lang/String;[BII)Ljava/lang/Class; name or signature does not match> (0x00000000d5f07ca8) thrown at [C:\re\workspace\8-2-build-windows-amd64-cygwin\jdk8u144\9417\hotspot\
Event: 0.130 Thread 0x0000000004dde000 Exception <a 'java/lang/NoSuchMethodError': Method sun.misc.Unsafe.prefetchRead(Ljava/lang/Object;J)V name or signature does not match> (0x00000000d5f07f90) thrown at [C:\re\workspace\8-2-build-windows-amd64-cygwin\jdk8u144\9417\hotspot\src\share\vm\prims

Events (10 events):
Event: 1.254 Executing VM operation: ParallelGCFailedAllocation done
Event: 1.603 Executing VM operation: ParallelGCFailedAllocation
Event: 1.667 Executing VM operation: ParallelGCFailedAllocation done
Event: 1.794 Executing VM operation: ParallelGCFailedAllocation
Event: 1.864 Executing VM operation: ParallelGCFailedAllocation done
Event: 2.044 Executing VM operation: ParallelGCFailedAllocation
Event: 2.104 Executing VM operation: ParallelGCFailedAllocation done
Event: 2.220 Executing VM operation: ParallelGCFailedAllocation
Event: 2.299 Executing VM operation: ParallelGCFailedAllocation done
Event: 2.459 Executing VM operation: ParallelGCFailedAllocation


Dynamic libraries:
0x00007ff6746a0000 - 0x00007ff6746d7000 	C:\Program Files\Java\jdk1.8.0_144\bin\java.exe
0x00007ffe4e950000 - 0x00007ffe4eb30000 	C:\WINDOWS\SYSTEM32\ntdll.dll
0x00007ffe4de20000 - 0x00007ffe4dece000 	C:\WINDOWS\System32\KERNEL32.DLL
0x00007ffe4b910000 - 0x00007ffe4bb76000 	C:\WINDOWS\System32\KERNELBASE.dll
0x00007ffe4e820000 - 0x00007ffe4e8c1000 	C:\WINDOWS\System32\ADVAPI32.dll
0x00007ffe4be20000 - 0x00007ffe4bebd000 	C:\WINDOWS\System32\msvcrt.dll
0x00007ffe4c190000 - 0x00007ffe4c1eb000 	C:\WINDOWS\System32\sechost.dll
0x00007ffe4c070000 - 0x00007ffe4c18f000 	C:\WINDOWS\System32\RPCRT4.dll
0x00007ffe4e5a0000 - 0x00007ffe4e72f000 	C:\WINDOWS\System32\USER32.dll
0x00007ffe4be00000 - 0x00007ffe4be20000 	C:\WINDOWS\System32\win32u.dll
0x00007ffe4c1f0000 - 0x00007ffe4c218000 	C:\WINDOWS\System32\GDI32.dll
0x00007ffe4ad50000 - 0x00007ffe4aee3000 	C:\WINDOWS\System32\gdi32full.dll
0x00007ffe4afa0000 - 0x00007ffe4b03b000 	C:\WINDOWS\System32\msvcp_win.dll
0x00007ffe4b810000 - 0x00007ffe4b906000 	C:\WINDOWS\System32\ucrtbase.dll
0x00007ffe326a0000 - 0x00007ffe32909000 	C:\WINDOWS\WinSxS\amd64_microsoft.windows.common-controls_6595b64144ccf1df_6.0.16299.248_none_15ced204935f55d7\COMCTL32.dll
0x00007ffe4e1f0000 - 0x00007ffe4e4f8000 	C:\WINDOWS\System32\combase.dll
0x00007ffe4b790000 - 0x00007ffe4b802000 	C:\WINDOWS\System32\bcryptPrimitives.dll
0x00007ffe4e8f0000 - 0x00007ffe4e91d000 	C:\WINDOWS\System32\IMM32.DLL
0x00000000608f0000 - 0x00000000609c2000 	C:\Program Files\Java\jdk1.8.0_144\jre\bin\msvcr100.dll
0x000000005ec80000 - 0x000000005f51d000 	C:\Program Files\Java\jdk1.8.0_144\jre\bin\server\jvm.dll
0x00007ffe4e790000 - 0x00007ffe4e798000 	C:\WINDOWS\System32\PSAPI.DLL
0x00007ffe32b40000 - 0x00007ffe32b49000 	C:\WINDOWS\SYSTEM32\WSOCK32.dll
0x00007ffe4e7b0000 - 0x00007ffe4e81c000 	C:\WINDOWS\System32\WS2_32.dll
0x00007ffe48df0000 - 0x00007ffe48e13000 	C:\WINDOWS\SYSTEM32\WINMM.dll
0x00007ffe49e60000 - 0x00007ffe49e6a000 	C:\WINDOWS\SYSTEM32\VERSION.dll
0x00007ffe48d90000 - 0x00007ffe48dba000 	C:\WINDOWS\SYSTEM32\WINMMBASE.dll
0x00007ffe4bd50000 - 0x00007ffe4bd9a000 	C:\WINDOWS\System32\cfgmgr32.dll
0x00000000608e0000 - 0x00000000608ef000 	C:\Program Files\Java\jdk1.8.0_144\jre\bin\verify.dll
0x00000000608b0000 - 0x00000000608d9000 	C:\Program Files\Java\jdk1.8.0_144\jre\bin\java.dll
0x0000000060820000 - 0x0000000060843000 	C:\Program Files\Java\jdk1.8.0_144\jre\bin\instrument.dll
0x0000000060890000 - 0x00000000608a6000 	C:\Program Files\Java\jdk1.8.0_144\jre\bin\zip.dll
0x00007ffe4c9e0000 - 0x00007ffe4de16000 	C:\WINDOWS\System32\SHELL32.dll
0x00007ffe4c800000 - 0x00007ffe4c8a6000 	C:\WINDOWS\System32\shcore.dll
0x00007ffe4b040000 - 0x00007ffe4b787000 	C:\WINDOWS\System32\windows.storage.dll
0x00007ffe4ded0000 - 0x00007ffe4df21000 	C:\WINDOWS\System32\shlwapi.dll
0x00007ffe4aca0000 - 0x00007ffe4acb1000 	C:\WINDOWS\System32\kernel.appcore.dll
0x00007ffe4acc0000 - 0x00007ffe4ad0c000 	C:\WINDOWS\System32\powrprof.dll
0x00007ffe4ad30000 - 0x00007ffe4ad4b000 	C:\WINDOWS\System32\profapi.dll
0x00007ffe34080000 - 0x00007ffe3409a000 	C:\Program Files\JetBrains\IntelliJ IDEA Community Edition 2017.3.4\bin\breakgen64.dll
0x000000005e2c0000 - 0x000000005e2da000 	C:\Program Files\Java\jdk1.8.0_144\jre\bin\net.dll
0x00007ffe4a4d0000 - 0x00007ffe4a536000 	C:\WINDOWS\system32\mswsock.dll

VM Arguments:
jvm_args: -javaagent:C:\Program Files\JetBrains\IntelliJ IDEA Community Edition 2017.3.4\lib\idea_rt.jar=61441:C:\Program Files\JetBrains\IntelliJ IDEA Community Edition 2017.3.4\bin -Dfile.encoding=UTF-8 
java_command: Canvas
java_class_path (initial): C:\Program Files\Java\jdk1.8.0_144\jre\lib\charsets.jar;C:\Program Files\Java\jdk1.8.0_144\jre\lib\deploy.jar;C:\Program Files\Java\jdk1.8.0_144\jre\lib\ext\access-bridge-64.jar;C:\Program Files\Java\jdk1.8.0_144\jre\lib\ext\cldrdata.jar;C:\Program Files\Java\jdk1.8.0_144\jre\lib\ext\dnsns.jar;C:\Program Files\Java\jdk1.8.0_144\jre\lib\ext\jaccess.jar;C:\Program Files\Java\jdk1.8.0_144\jre\lib\ext\jfxrt.jar;C:\Program Files\Java\jdk1.8.0_144\jre\lib\ext\localedata.jar;C:\Program Files\Java\jdk1.8.0_144\jre\lib\ext\nashorn.jar;C:\Program Files\Java\jdk1.8.0_144\jre\lib\ext\sunec.jar;C:\Program Files\Java\jdk1.8.0_144\jre\lib\ext\sunjce_provider.jar;C:\Program Files\Java\jdk1.8.0_144\jre\lib\ext\sunmscapi.jar;C:\Program Files\Java\jdk1.8.0_144\jre\lib\ext\sunpkcs11.jar;C:\Program Files\Java\jdk1.8.0_144\jre\lib\ext\zipfs.jar;C:\Program Files\Java\jdk1.8.0_144\jre\lib\javaws.jar;C:\Program Files\Java\jdk1.8.0_144\jre\lib\jce.jar;C:\Program Files\Java\jdk1.8.0_144\jre\lib\jfr.jar;C:\Program Files\Java\jdk1.8.0_144\jre\lib\jfxswt.jar;C:\Program Files\Java\jdk1.8.0_144\jre\lib\jsse.jar;C:\Program Files\Java\jdk1.8.0_144\jre\lib\management-agent.jar;C:\Program Files\Java\jdk1.8.0_144\jre\lib\plugin.jar;C:\Program Files\Java\jdk1.8.0_144\jre\lib\resources.jar;C:\Program Files\Java\jdk1.8.0_144\jre\lib\rt.jar;C:\_DATA_Local\Workspace_java\KPGR1\2017-pgrf1-cKF_ukol3\out\production\2017-pgrf1-cKF_ukol3;C:\_DATA_Local\Workspace_java\KPGR1\2017-pgrf1-cKF_ukol3\vavr-0.9.1.jar;C:\Program Files\JetBrains\IntelliJ IDEA Community Edition 2017.3.4\lib\idea_rt.jar
Launcher Type: SUN_STANDARD

Environment Variables:
PATH=C:\ProgramData\Oracle\Java\javapath;C:\WINDOWS\system32;C:\WINDOWS;C:\WINDOWS\System32\Wbem;C:\WINDOWS\System32\WindowsPowerShell\v1.0\;C:\Program Files (x86)\Skype\Phone\;C:\Users\Paja\AppData\Local\Microsoft\WindowsApps;
USERNAME=Paja
OS=Windows_NT
PROCESSOR_IDENTIFIER=Intel64 Family 6 Model 58 Stepping 9, GenuineIntel



---------------  S Y S T E M  ---------------

OS: Windows 10.0 , 64 bit Build 16299 (10.0.16299.15)

CPU:total 4 (initial active 4) (2 cores per cpu, 2 threads per core) family 6 model 58 stepping 9, cmov, cx8, fxsr, mmx, sse, sse2, sse3, ssse3, sse4.1, sse4.2, popcnt, avx, clmul, erms, ht, tsc, tscinvbit, tscinv

Memory: 4k page, physical 8271604k(723312k free), swap 8271604k(3112k free)

vm_info: Java HotSpot(TM) 64-Bit Server VM (25.144-b01) for windows-amd64 JRE (1.8.0_144-b01), built on Jul 21 2017 21:57:33 by "java_re" with MS VC++ 10.0 (VS2010)

time: Sat Mar 03 12:15:19 2018
elapsed time: 2 seconds (0d 0h 0m 2s)

